0 verbose cli /Users/rckt-mac-m3/.nvm/versions/node/v20.17.0/bin/node /Users/rckt-mac-m3/.nvm/versions/node/v20.17.0/bin/npm
1 info using npm@11.3.0
2 info using node@v20.17.0
3 silly config load:file:/Users/rckt-mac-m3/.nvm/versions/node/v20.17.0/lib/node_modules/npm/npmrc
4 warn Unknown env config "auto-install-peers". This will stop working in the next major version of npm.
5 silly config load:file:/Users/rckt-mac-m3/Dev/console/.npmrc
6 warn Unknown project config "auto-install-peers". This will stop working in the next major version of npm.
7 silly config load:file:/Users/rckt-mac-m3/.npmrc
8 silly config load:file:/Users/rckt-mac-m3/.nvm/versions/node/v20.17.0/etc/npmrc
9 verbose title npm run eslint /Users/rckt-mac-m3/Dev/console/packages/sdk/src/folder/types.ts
10 verbose argv "run" "eslint" "--cache" "--fix" "/Users/rckt-mac-m3/Dev/console/packages/sdk/src/folder/types.ts"
11 verbose logfile logs-max:10 dir:/Users/rckt-mac-m3/Dev/console/--fix/_logs/2025-06-16T12_36_37_822Z-
12 verbose logfile /Users/rckt-mac-m3/Dev/console/--fix/_logs/2025-06-16T12_36_37_822Z-debug-0.log
13 silly logfile done cleaning log files
14 verbose stack Error: Missing script: "eslint"
14 verbose stack
14 verbose stack Did you mean this?
14 verbose stack   npm run lint # run the "lint" package script
14 verbose stack
14 verbose stack To see a list of scripts, run:
14 verbose stack   npm run
14 verbose stack     at #run (/Users/rckt-mac-m3/.nvm/versions/node/v20.17.0/lib/node_modules/npm/lib/commands/run-script.js:115:13)
14 verbose stack     at async RunScript.exec (/Users/rckt-mac-m3/.nvm/versions/node/v20.17.0/lib/node_modules/npm/lib/commands/run-script.js:44:7)
14 verbose stack     at async Npm.exec (/Users/rckt-mac-m3/.nvm/versions/node/v20.17.0/lib/node_modules/npm/lib/npm.js:208:9)
14 verbose stack     at async module.exports (/Users/rckt-mac-m3/.nvm/versions/node/v20.17.0/lib/node_modules/npm/lib/cli/entry.js:67:5)
15 error Missing script: "eslint"
15 error
15 error Did you mean this?
15 error   npm run lint # run the "lint" package script
15 error
15 error To see a list of scripts, run:
15 error   npm run
16 verbose cwd /Users/rckt-mac-m3/Dev/console
17 verbose os Darwin 24.5.0
18 verbose node v20.17.0
19 verbose npm  v11.3.0
20 verbose exit 1
21 verbose code 1
22 error A complete log of this run can be found in: /Users/rckt-mac-m3/Dev/console/--fix/_logs/2025-06-16T12_36_37_822Z-debug-0.log
